<?xml version="1.0" encoding="UTF-8"?>
<!-- Generated by org.testng.reporters.JUnitReportReporter -->
<testsuite hostname="DESKTOP-3HC9SNL" failures="0" tests="1" name="test1.Sample1" time="2.088" errors="0" timestamp="2022-05-21T14:05:46 IST" skipped="0">
  <testcase classname="test1.Sample1" name="firstProgram" time="2.088"/>
  <system-out/>
</testsuite> <!-- test1.Sample1 -->
